{
  "stats": {
    "suites": 1,
    "tests": 4,
    "passes": 4,
    "pending": 0,
    "failures": 0,
    "start": "2018-11-10T01:25:45.863Z",
    "end": "2018-11-10T01:25:46.229Z",
    "duration": 366,
    "testsRegistered": 4,
    "passPercent": 100,
    "pendingPercent": 0,
    "other": 0,
    "hasOther": false,
    "skipped": 0,
    "hasSkipped": false,
    "passPercentClass": "success",
    "pendingPercentClass": "danger"
  },
  "suites": {
    "uuid": "fd74f40d-ab80-4ee0-908c-388763eae606",
    "title": "",
    "fullFile": "",
    "file": "",
    "beforeHooks": [],
    "afterHooks": [],
    "tests": [],
    "suites": [
      {
        "uuid": "3de38a28-73b8-4e33-b5fe-ea30e82d3b70",
        "title": "Testing Login",
        "fullFile": "C:\\Users\\S530859\\Desktop\\GDPNEW\\GDP\\ProjectNorthwestTheatre\\test\\Admin\\test.Spec.js",
        "file": "\\test\\Admin\\test.Spec.js",
        "beforeHooks": [],
        "afterHooks": [
          {
            "title": "\"after all\" hook",
            "fullTitle": "Testing Login \"after all\" hook",
            "timedOut": false,
            "duration": 0,
            "pass": false,
            "fail": false,
            "pending": false,
            "code": "mongoose.connection.close()\ndone()",
            "err": {},
            "isRoot": false,
            "uuid": "90060304-77e3-4cca-8dc4-34f17234b44c",
            "isHook": true,
            "skipped": false
          }
        ],
        "tests": [
          {
            "title": "Using Correct Username and Password",
            "fullTitle": "Testing Login Using Correct Username and Password",
            "timedOut": false,
            "duration": 194,
            "state": "passed",
            "speed": "slow",
            "pass": true,
            "fail": false,
            "pending": false,
            "code": "request\n.post('/admin/authenticate')\n.send({ \"Username\": \"admin\", \"Password\": \"@Dmin123\" })\n.set('Accept', 'application/json')\n.expect(200)\n.then(response => {\n    expect(response.body.message).to.equal(\"Login Successful\")\n    done()\n})",
            "err": {},
            "isRoot": false,
            "uuid": "010f9ed7-70e7-4769-b092-26fa4193e112",
            "isHook": false,
            "skipped": false
          },
          {
            "title": "Using correct Username and incorrect Password",
            "fullTitle": "Testing Login Using correct Username and incorrect Password",
            "timedOut": false,
            "duration": 121,
            "state": "passed",
            "speed": "slow",
            "pass": true,
            "fail": false,
            "pending": false,
            "code": "request\n.post('/admin/authenticate')\n.send({ \"Username\": \"admin\", \"Password\": \"@Dmin12\" })\n.set('Accept', 'application/json')\n.expect(401)\n.then(response => {\n       //  console.log(response.text)\n  expect(response.text).to.equal(\"Authentication Failed\")\n  done()\n})",
            "err": {},
            "isRoot": false,
            "uuid": "ab234b4d-d91c-4fd2-93bf-5c16e66f251f",
            "isHook": false,
            "skipped": false
          },
          {
            "title": "Using InCorrect Username and correct Password",
            "fullTitle": "Testing Login Using InCorrect Username and correct Password",
            "timedOut": false,
            "duration": 38,
            "state": "passed",
            "speed": "medium",
            "pass": true,
            "fail": false,
            "pending": false,
            "code": "request\n.post('/admin/authenticate')\n.send({ \"Username\": \"admin2\", \"Password\": \"@Dmin123\" })\n.set('Accept', 'application/json')\n.expect(401)\n.then(response => {\n // console.log(response.text)\n  expect(response.text).to.equal(\"User Does not exist\")\n  done()\n})",
            "err": {},
            "isRoot": false,
            "uuid": "73490325-c2e2-41ce-808f-d149daa5e469",
            "isHook": false,
            "skipped": false
          },
          {
            "title": "Using Null Username and Password",
            "fullTitle": "Testing Login Using Null Username and Password",
            "timedOut": false,
            "duration": 5,
            "state": "passed",
            "speed": "fast",
            "pass": true,
            "fail": false,
            "pending": false,
            "code": "request\n.post('/admin/authenticate')\n.send()\n.set('Accept', 'application/json')\n.expect(401)\n.then(response => {\n // console.log(response.text)\n  expect(response.text).to.equal(\"Unauthorized\")\n  done()\n})",
            "err": {},
            "isRoot": false,
            "uuid": "28a00c22-d761-43dd-805b-5b897b397ef4",
            "isHook": false,
            "skipped": false
          }
        ],
        "suites": [],
        "passes": [
          "010f9ed7-70e7-4769-b092-26fa4193e112",
          "ab234b4d-d91c-4fd2-93bf-5c16e66f251f",
          "73490325-c2e2-41ce-808f-d149daa5e469",
          "28a00c22-d761-43dd-805b-5b897b397ef4"
        ],
        "failures": [],
        "pending": [],
        "skipped": [],
        "duration": 358,
        "root": false,
        "rootEmpty": false,
        "_timeout": 2000
      }
    ],
    "passes": [],
    "failures": [],
    "pending": [],
    "skipped": [],
    "duration": 0,
    "root": true,
    "rootEmpty": true,
    "_timeout": 2000
  },
  "copyrightYear": 2018
}